<?xml version="1.0" encoding="UTF-8"?>
<!-- Generated by org.testng.reporters.JUnitXMLReporter -->
<testsuite hostname="Laptop" ignored="0" name="Test" tests="1" failures="1" timestamp="04 Feb 2021 16:15:16 GMT" time="39.941" errors="0">
  <testcase name="loginSuccessTest" time="4.585" classname="com.HMS.qa.testcases.LoginPageTest">
    <failure type="java.lang.AssertionError" message="expected [DashBoard123] but found [DashBoard]">
      <![CDATA[java.lang.AssertionError: expected [DashBoard123] but found [DashBoard]at com.HMS.qa.testcases.LoginPageTest.loginSuccessTest(LoginPageTest.java:44)... Removed 31 stack frames]]>
    </failure>
  </testcase> <!-- loginSuccessTest -->
</testsuite> <!-- Test -->
