<?xml version="1.0" encoding="UTF-8"?>
<testng-results skipped="0" failed="0" ignored="0" total="1" passed="1">
  <reporter-output>
  </reporter-output>
  <suite name="Default suite" duration-ms="18169" started-at="2021-02-20T07:04:49Z" finished-at="2021-02-20T07:05:08Z">
    <groups>
    </groups>
    <test name="Default test" duration-ms="18169" started-at="2021-02-20T07:04:49Z" finished-at="2021-02-20T07:05:08Z">
      <class name="com.HMS.qa.testcases.LoginPageTest">
        <test-method status="PASS" signature="setUp()[pri:0, instance:com.HMS.qa.testcases.LoginPageTest@66a3ffec]" name="setUp" is-config="true" duration-ms="10408" started-at="2021-02-20T12:34:50Z" finished-at="2021-02-20T12:35:00Z">
          <reporter-output>
          </reporter-output>
        </test-method> <!-- setUp -->
        <test-method status="PASS" signature="loginSuccessTest()[pri:0, instance:com.HMS.qa.testcases.LoginPageTest@66a3ffec]" name="loginSuccessTest" duration-ms="5833" started-at="2021-02-20T12:35:00Z" finished-at="2021-02-20T12:35:06Z">
          <reporter-output>
          </reporter-output>
        </test-method> <!-- loginSuccessTest -->
        <test-method status="PASS" signature="tearDown()[pri:0, instance:com.HMS.qa.testcases.LoginPageTest@66a3ffec]" name="tearDown" is-config="true" duration-ms="1857" started-at="2021-02-20T12:35:06Z" finished-at="2021-02-20T12:35:08Z">
          <reporter-output>
          </reporter-output>
        </test-method> <!-- tearDown -->
      </class> <!-- com.HMS.qa.testcases.LoginPageTest -->
    </test> <!-- Default test -->
  </suite> <!-- Default suite -->
</testng-results>
